0 info it worked if it ends with ok
1 verbose cli [ 'c:\\Program Files (x86)\\nodejs\\node.exe',
1 verbose cli   'c:\\Program Files (x86)\\nodejs\\node_modules\\npm\\bin\\npm-cli.js',
1 verbose cli   'install',
1 verbose cli   '--recursive' ]
2 info using npm@1.4.21
3 info using node@v0.10.30
4 verbose readDependencies using package.json deps
5 verbose install where, deps [ 'c:\\Users\\Aaron\\Dropbox\\Programming\\HackReactor\\GitHub\\appception',
5 verbose install   [ 'body-parser',
5 verbose install     'brackets',
5 verbose install     'composable-middleware',
5 verbose install     'compression',
5 verbose install     'connect',
5 verbose install     'connect-livereload',
5 verbose install     'cookie-parser',
5 verbose install     'debug',
5 verbose install     'ejs',
5 verbose install     'errorhandler',
5 verbose install     'express',
5 verbose install     'express-jwt',
5 verbose install     'forEachAsync',
5 verbose install     'fstream',
5 verbose install     'github',
5 verbose install     'grunt',
5 verbose install     'grunt-angular-templates',
5 verbose install     'grunt-asset-injector',
5 verbose install     'grunt-autoprefixer',
5 verbose install     'grunt-build-control',
5 verbose install     'grunt-concurrent',
5 verbose install     'grunt-contrib-clean',
5 verbose install     'grunt-contrib-concat',
5 verbose install     'grunt-contrib-copy',
5 verbose install     'grunt-contrib-cssmin',
5 verbose install     'grunt-contrib-htmlmin',
5 verbose install     'grunt-contrib-imagemin',
5 verbose install     'grunt-contrib-jshint',
5 verbose install     'grunt-contrib-stylus',
5 verbose install     'grunt-contrib-uglify',
5 verbose install     'grunt-contrib-watch',
5 verbose install     'grunt-dom-munger',
5 verbose install     'grunt-env',
5 verbose install     'grunt-express-server',
5 verbose install     'grunt-google-cdn',
5 verbose install     'grunt-newer',
5 verbose install     'grunt-ng-annotate',
5 verbose install     'grunt-node-inspector',
5 verbose install     'grunt-nodemon',
5 verbose install     'grunt-open',
5 verbose install     'grunt-rev',
5 verbose install     'grunt-svgmin',
5 verbose install     'grunt-usemin',
5 verbose install     'grunt-wiredep',
5 verbose install     'habitat',
5 verbose install     'jit-grunt',
5 verbose install     'jshint-stylish',
5 verbose install     'jsonwebtoken',
5 verbose install     'lodash',
5 verbose install     'makedrive',
5 verbose install     'method-override',
5 verbose install     'mongoose',
5 verbose install     'morgan',
5 verbose install     'open',
5 verbose install     'passport',
5 verbose install     'passport-github',
5 verbose install     'passport-local',
5 verbose install     'request',
5 verbose install     'serve-favicon',
5 verbose install     'shelljs',
5 verbose install     'time-grunt',
5 verbose install     'unzip',
5 verbose install     'connect-mongo',
5 verbose install     'express-session',
5 verbose install     'requirejs',
5 verbose install     'grunt-karma',
5 verbose install     'grunt-mocha-test',
5 verbose install     'grunt-protractor-runner',
5 verbose install     'karma',
5 verbose install     'karma-chrome-launcher',
5 verbose install     'karma-coffee-preprocessor',
5 verbose install     'karma-firefox-launcher',
5 verbose install     'karma-html2js-preprocessor',
5 verbose install     'karma-jade-preprocessor',
5 verbose install     'karma-jasmine',
5 verbose install     'karma-ng-html2js-preprocessor',
5 verbose install     'karma-ng-jade2js-preprocessor',
5 verbose install     'karma-ng-scenario',
5 verbose install     'karma-phantomjs-launcher',
5 verbose install     'karma-requirejs',
5 verbose install     'karma-script-launcher',
5 verbose install     'jasmine',
5 verbose install     'jasmine-node',
5 verbose install     'should',
5 verbose install     'supertest' ] ]
6 info preinstall appception@0.0.1
7 warn package.json karma-chrome-launcher@0.1.5 No README data
8 verbose readDependencies using package.json deps
9 verbose already installed skipping grunt-express-server@~0.4.17 c:\Users\Aaron\Dropbox\Programming\HackReactor\GitHub\appception
10 verbose already installed skipping grunt-google-cdn@~0.4.0 c:\Users\Aaron\Dropbox\Programming\HackReactor\GitHub\appception
11 verbose already installed skipping grunt-newer@~0.7.0 c:\Users\Aaron\Dropbox\Programming\HackReactor\GitHub\appception
12 verbose already installed skipping grunt-ng-annotate@^0.2.3 c:\Users\Aaron\Dropbox\Programming\HackReactor\GitHub\appception
13 verbose already installed skipping grunt-node-inspector@~0.1.5 c:\Users\Aaron\Dropbox\Programming\HackReactor\GitHub\appception
14 verbose already installed skipping grunt-nodemon@~0.2.0 c:\Users\Aaron\Dropbox\Programming\HackReactor\GitHub\appception
15 verbose already installed skipping grunt-open@^0.2.3 c:\Users\Aaron\Dropbox\Programming\HackReactor\GitHub\appception
16 verbose already installed skipping grunt-rev@~0.1.0 c:\Users\Aaron\Dropbox\Programming\HackReactor\GitHub\appception
17 verbose already installed skipping grunt-svgmin@~0.4.0 c:\Users\Aaron\Dropbox\Programming\HackReactor\GitHub\appception
18 verbose already installed skipping grunt-usemin@~2.1.1 c:\Users\Aaron\Dropbox\Programming\HackReactor\GitHub\appception
19 verbose already installed skipping grunt-wiredep@~1.8.0 c:\Users\Aaron\Dropbox\Programming\HackReactor\GitHub\appception
20 verbose already installed skipping habitat@^2.0.0 c:\Users\Aaron\Dropbox\Programming\HackReactor\GitHub\appception
21 verbose already installed skipping jit-grunt@^0.5.0 c:\Users\Aaron\Dropbox\Programming\HackReactor\GitHub\appception
22 verbose already installed skipping jshint-stylish@~0.1.5 c:\Users\Aaron\Dropbox\Programming\HackReactor\GitHub\appception
23 verbose already installed skipping jsonwebtoken@^0.3.0 c:\Users\Aaron\Dropbox\Programming\HackReactor\GitHub\appception
24 verbose already installed skipping lodash@~2.4.1 c:\Users\Aaron\Dropbox\Programming\HackReactor\GitHub\appception
25 verbose already installed skipping makedrive@0.0.44 c:\Users\Aaron\Dropbox\Programming\HackReactor\GitHub\appception
26 verbose already installed skipping method-override@~1.0.0 c:\Users\Aaron\Dropbox\Programming\HackReactor\GitHub\appception
27 verbose already installed skipping mongoose@~3.8.8 c:\Users\Aaron\Dropbox\Programming\HackReactor\GitHub\appception
28 verbose already installed skipping morgan@~1.0.0 c:\Users\Aaron\Dropbox\Programming\HackReactor\GitHub\appception
29 verbose already installed skipping open@~0.0.4 c:\Users\Aaron\Dropbox\Programming\HackReactor\GitHub\appception
30 verbose already installed skipping passport@~0.2.0 c:\Users\Aaron\Dropbox\Programming\HackReactor\GitHub\appception
31 verbose already installed skipping passport-github@^0.1.5 c:\Users\Aaron\Dropbox\Programming\HackReactor\GitHub\appception
32 verbose already installed skipping passport-local@~0.1.6 c:\Users\Aaron\Dropbox\Programming\HackReactor\GitHub\appception
33 verbose already installed skipping request@^2.44.0 c:\Users\Aaron\Dropbox\Programming\HackReactor\GitHub\appception
34 verbose already installed skipping serve-favicon@~2.0.1 c:\Users\Aaron\Dropbox\Programming\HackReactor\GitHub\appception
35 verbose already installed skipping shelljs@^0.3.0 c:\Users\Aaron\Dropbox\Programming\HackReactor\GitHub\appception
36 verbose already installed skipping time-grunt@~0.3.1 c:\Users\Aaron\Dropbox\Programming\HackReactor\GitHub\appception
37 verbose already installed skipping unzip@^0.1.11 c:\Users\Aaron\Dropbox\Programming\HackReactor\GitHub\appception
38 verbose already installed skipping connect-mongo@^0.4.1 c:\Users\Aaron\Dropbox\Programming\HackReactor\GitHub\appception
39 verbose already installed skipping express-session@~1.0.2 c:\Users\Aaron\Dropbox\Programming\HackReactor\GitHub\appception
40 verbose already installed skipping requirejs@~2.1.11 c:\Users\Aaron\Dropbox\Programming\HackReactor\GitHub\appception
41 verbose already installed skipping grunt-karma@~0.8.2 c:\Users\Aaron\Dropbox\Programming\HackReactor\GitHub\appception
42 verbose already installed skipping grunt-mocha-test@~0.10.2 c:\Users\Aaron\Dropbox\Programming\HackReactor\GitHub\appception
43 verbose already installed skipping grunt-protractor-runner@^1.1.0 c:\Users\Aaron\Dropbox\Programming\HackReactor\GitHub\appception
44 verbose already installed skipping karma@~0.12.9 c:\Users\Aaron\Dropbox\Programming\HackReactor\GitHub\appception
45 verbose already installed skipping karma-chrome-launcher@~0.1.3 c:\Users\Aaron\Dropbox\Programming\HackReactor\GitHub\appception
46 verbose already installed skipping karma-coffee-preprocessor@~0.2.1 c:\Users\Aaron\Dropbox\Programming\HackReactor\GitHub\appception
47 verbose already installed skipping karma-firefox-launcher@~0.1.3 c:\Users\Aaron\Dropbox\Programming\HackReactor\GitHub\appception
48 verbose already installed skipping karma-html2js-preprocessor@~0.1.0 c:\Users\Aaron\Dropbox\Programming\HackReactor\GitHub\appception
49 verbose already installed skipping karma-jade-preprocessor@0.0.11 c:\Users\Aaron\Dropbox\Programming\HackReactor\GitHub\appception
50 verbose already installed skipping karma-jasmine@~0.1.5 c:\Users\Aaron\Dropbox\Programming\HackReactor\GitHub\appception
51 verbose already installed skipping karma-ng-html2js-preprocessor@~0.1.0 c:\Users\Aaron\Dropbox\Programming\HackReactor\GitHub\appception
52 verbose already installed skipping karma-ng-jade2js-preprocessor@^0.1.2 c:\Users\Aaron\Dropbox\Programming\HackReactor\GitHub\appception
53 verbose already installed skipping karma-ng-scenario@~0.1.0 c:\Users\Aaron\Dropbox\Programming\HackReactor\GitHub\appception
54 verbose already installed skipping karma-phantomjs-launcher@~0.1.4 c:\Users\Aaron\Dropbox\Programming\HackReactor\GitHub\appception
55 verbose already installed skipping karma-requirejs@~0.2.1 c:\Users\Aaron\Dropbox\Programming\HackReactor\GitHub\appception
56 verbose already installed skipping karma-script-launcher@~0.1.0 c:\Users\Aaron\Dropbox\Programming\HackReactor\GitHub\appception
57 verbose already installed skipping jasmine@^2.0.1 c:\Users\Aaron\Dropbox\Programming\HackReactor\GitHub\appception
58 verbose already installed skipping jasmine-node@^1.14.5 c:\Users\Aaron\Dropbox\Programming\HackReactor\GitHub\appception
59 verbose already installed skipping should@~3.3.1 c:\Users\Aaron\Dropbox\Programming\HackReactor\GitHub\appception
60 verbose already installed skipping supertest@~0.11.0 c:\Users\Aaron\Dropbox\Programming\HackReactor\GitHub\appception
61 verbose already installed skipping body-parser@~1.5.0 c:\Users\Aaron\Dropbox\Programming\HackReactor\GitHub\appception
62 verbose already installed skipping brackets@^0.3.0 c:\Users\Aaron\Dropbox\Programming\HackReactor\GitHub\appception
63 verbose already installed skipping composable-middleware@^0.3.0 c:\Users\Aaron\Dropbox\Programming\HackReactor\GitHub\appception
64 verbose already installed skipping compression@~1.0.1 c:\Users\Aaron\Dropbox\Programming\HackReactor\GitHub\appception
65 verbose already installed skipping connect@^3.2.0 c:\Users\Aaron\Dropbox\Programming\HackReactor\GitHub\appception
66 verbose already installed skipping connect-livereload@~0.4.0 c:\Users\Aaron\Dropbox\Programming\HackReactor\GitHub\appception
67 verbose already installed skipping cookie-parser@~1.0.1 c:\Users\Aaron\Dropbox\Programming\HackReactor\GitHub\appception
68 verbose already installed skipping debug@^2.0.0 c:\Users\Aaron\Dropbox\Programming\HackReactor\GitHub\appception
69 verbose already installed skipping ejs@~0.8.4 c:\Users\Aaron\Dropbox\Programming\HackReactor\GitHub\appception
70 verbose already installed skipping errorhandler@~1.0.0 c:\Users\Aaron\Dropbox\Programming\HackReactor\GitHub\appception
71 verbose already installed skipping express@~4.0.0 c:\Users\Aaron\Dropbox\Programming\HackReactor\GitHub\appception
72 verbose already installed skipping express-jwt@^0.1.3 c:\Users\Aaron\Dropbox\Programming\HackReactor\GitHub\appception
73 verbose already installed skipping forEachAsync@^3.0.0 c:\Users\Aaron\Dropbox\Programming\HackReactor\GitHub\appception
74 verbose already installed skipping fstream@^1.0.2 c:\Users\Aaron\Dropbox\Programming\HackReactor\GitHub\appception
75 verbose already installed skipping github@^0.2.2 c:\Users\Aaron\Dropbox\Programming\HackReactor\GitHub\appception
76 verbose already installed skipping grunt@~0.4.4 c:\Users\Aaron\Dropbox\Programming\HackReactor\GitHub\appception
77 verbose already installed skipping grunt-angular-templates@^0.5.4 c:\Users\Aaron\Dropbox\Programming\HackReactor\GitHub\appception
78 verbose already installed skipping grunt-asset-injector@^0.1.0 c:\Users\Aaron\Dropbox\Programming\HackReactor\GitHub\appception
79 verbose already installed skipping grunt-autoprefixer@~0.7.2 c:\Users\Aaron\Dropbox\Programming\HackReactor\GitHub\appception
80 verbose already installed skipping grunt-build-control@^0.1.3 c:\Users\Aaron\Dropbox\Programming\HackReactor\GitHub\appception
81 verbose already installed skipping grunt-concurrent@~0.5.0 c:\Users\Aaron\Dropbox\Programming\HackReactor\GitHub\appception
82 verbose already installed skipping grunt-contrib-clean@~0.5.0 c:\Users\Aaron\Dropbox\Programming\HackReactor\GitHub\appception
83 verbose already installed skipping grunt-contrib-concat@~0.4.0 c:\Users\Aaron\Dropbox\Programming\HackReactor\GitHub\appception
84 verbose already installed skipping grunt-contrib-copy@~0.5.0 c:\Users\Aaron\Dropbox\Programming\HackReactor\GitHub\appception
85 verbose already installed skipping grunt-contrib-cssmin@~0.9.0 c:\Users\Aaron\Dropbox\Programming\HackReactor\GitHub\appception
86 verbose already installed skipping grunt-contrib-htmlmin@~0.2.0 c:\Users\Aaron\Dropbox\Programming\HackReactor\GitHub\appception
87 verbose already installed skipping grunt-contrib-imagemin@~0.7.1 c:\Users\Aaron\Dropbox\Programming\HackReactor\GitHub\appception
88 verbose already installed skipping grunt-contrib-jshint@~0.10.0 c:\Users\Aaron\Dropbox\Programming\HackReactor\GitHub\appception
89 verbose cache add [ 'grunt-contrib-stylus@latest', null ]
90 verbose cache add name=undefined spec="grunt-contrib-stylus@latest" args=["grunt-contrib-stylus@latest",null]
91 verbose parsed url { protocol: null,
91 verbose parsed url   slashes: null,
91 verbose parsed url   auth: null,
91 verbose parsed url   host: null,
91 verbose parsed url   port: null,
91 verbose parsed url   hostname: null,
91 verbose parsed url   hash: null,
91 verbose parsed url   search: null,
91 verbose parsed url   query: null,
91 verbose parsed url   pathname: 'grunt-contrib-stylus@latest',
91 verbose parsed url   path: 'grunt-contrib-stylus@latest',
91 verbose parsed url   href: 'grunt-contrib-stylus@latest' }
92 verbose already installed skipping grunt-contrib-uglify@~0.4.0 c:\Users\Aaron\Dropbox\Programming\HackReactor\GitHub\appception
93 verbose already installed skipping grunt-contrib-watch@~0.6.1 c:\Users\Aaron\Dropbox\Programming\HackReactor\GitHub\appception
94 verbose already installed skipping grunt-dom-munger@^3.4.0 c:\Users\Aaron\Dropbox\Programming\HackReactor\GitHub\appception
95 verbose already installed skipping grunt-env@~0.4.1 c:\Users\Aaron\Dropbox\Programming\HackReactor\GitHub\appception
96 verbose cache add name="grunt-contrib-stylus" spec="latest" args=["grunt-contrib-stylus","latest"]
97 verbose parsed url { protocol: null,
97 verbose parsed url   slashes: null,
97 verbose parsed url   auth: null,
97 verbose parsed url   host: null,
97 verbose parsed url   port: null,
97 verbose parsed url   hostname: null,
97 verbose parsed url   hash: null,
97 verbose parsed url   search: null,
97 verbose parsed url   query: null,
97 verbose parsed url   pathname: 'latest',
97 verbose parsed url   path: 'latest',
97 verbose parsed url   href: 'latest' }
98 verbose addNamed [ 'grunt-contrib-stylus', 'latest' ]
99 verbose addNamed [ null, null ]
100 silly lockFile 13e2f9ac-grunt-contrib-stylus-latest grunt-contrib-stylus@latest
101 verbose lock grunt-contrib-stylus@latest C:\Users\Aaron\AppData\Roaming\npm-cache\13e2f9ac-grunt-contrib-stylus-latest.lock
102 info addNameTag [ 'grunt-contrib-stylus', 'latest' ]
103 verbose request where is /grunt-contrib-stylus
104 verbose request registry https://registry.npmjs.org/
105 verbose request id 8b878cd01eeed7eb
106 verbose url raw /grunt-contrib-stylus
107 verbose url resolving [ 'https://registry.npmjs.org/', './grunt-contrib-stylus' ]
108 verbose url resolved https://registry.npmjs.org/grunt-contrib-stylus
109 verbose request where is https://registry.npmjs.org/grunt-contrib-stylus
110 info trying registry request attempt 1 at 14:13:07
111 verbose etag "289ZD8V5R92ZU94GFFA76VJMD"
112 http GET https://registry.npmjs.org/grunt-contrib-stylus
113 http 304 https://registry.npmjs.org/grunt-contrib-stylus
114 silly registry.get cb [ 304,
114 silly registry.get   { date: 'Wed, 01 Oct 2014 21:13:07 GMT',
114 silly registry.get     server: 'Apache',
114 silly registry.get     via: '1.1 varnish',
114 silly registry.get     'last-modified': 'Wed, 01 Oct 2014 21:12:14 GMT',
114 silly registry.get     'cache-control': 'max-age=60',
114 silly registry.get     etag: '"289ZD8V5R92ZU94GFFA76VJMD"',
114 silly registry.get     'x-served-by': 'cache-sjc3121-SJC',
114 silly registry.get     'x-cache': 'HIT',
114 silly registry.get     'x-cache-hits': '2',
114 silly registry.get     'x-timer': 'S1412197987.880894,VS0,VE0',
114 silly registry.get     vary: 'Accept',
114 silly registry.get     'content-length': '0',
114 silly registry.get     'keep-alive': 'timeout=10, max=50',
114 silly registry.get     connection: 'Keep-Alive' } ]
115 verbose etag https://registry.npmjs.org/grunt-contrib-stylus from cache
116 verbose addNamed [ 'grunt-contrib-stylus', '0.20.0' ]
117 verbose addNamed [ '0.20.0', '0.20.0' ]
118 silly lockFile acbc5348-grunt-contrib-stylus-0-20-0 grunt-contrib-stylus@0.20.0
119 verbose lock grunt-contrib-stylus@0.20.0 C:\Users\Aaron\AppData\Roaming\npm-cache\acbc5348-grunt-contrib-stylus-0-20-0.lock
120 silly lockFile acbc5348-grunt-contrib-stylus-0-20-0 grunt-contrib-stylus@0.20.0
121 silly lockFile acbc5348-grunt-contrib-stylus-0-20-0 grunt-contrib-stylus@0.20.0
122 silly lockFile 13e2f9ac-grunt-contrib-stylus-latest grunt-contrib-stylus@latest
123 silly lockFile 13e2f9ac-grunt-contrib-stylus-latest grunt-contrib-stylus@latest
124 info already installed grunt-contrib-stylus@0.20.0
125 silly resolved []
126 info build c:\Users\Aaron\Dropbox\Programming\HackReactor\GitHub\appception
127 verbose linkStuff [ false,
127 verbose linkStuff   false,
127 verbose linkStuff   false,
127 verbose linkStuff   'c:\\Users\\Aaron\\Dropbox\\Programming\\HackReactor\\GitHub' ]
128 info linkStuff appception@0.0.1
129 verbose linkBins appception@0.0.1
130 verbose linkMans appception@0.0.1
131 verbose rebuildBundles appception@0.0.1
132 verbose rebuildBundles [ '.bin',
132 verbose rebuildBundles   'body-parser',
132 verbose rebuildBundles   'brackets',
132 verbose rebuildBundles   'composable-middleware',
132 verbose rebuildBundles   'compression',
132 verbose rebuildBundles   'connect',
132 verbose rebuildBundles   'connect-livereload',
132 verbose rebuildBundles   'connect-mongo',
132 verbose rebuildBundles   'cookie-parser',
132 verbose rebuildBundles   'debug',
132 verbose rebuildBundles   'ejs',
132 verbose rebuildBundles   'errorhandler',
132 verbose rebuildBundles   'express',
132 verbose rebuildBundles   'express-jwt',
132 verbose rebuildBundles   'express-session',
132 verbose rebuildBundles   'forEachAsync',
132 verbose rebuildBundles   'fstream',
132 verbose rebuildBundles   'github',
132 verbose rebuildBundles   'grunt',
132 verbose rebuildBundles   'grunt-angular-templates',
132 verbose rebuildBundles   'grunt-asset-injector',
132 verbose rebuildBundles   'grunt-autoprefixer',
132 verbose rebuildBundles   'grunt-build-control',
132 verbose rebuildBundles   'grunt-concurrent',
132 verbose rebuildBundles   'grunt-contrib-clean',
132 verbose rebuildBundles   'grunt-contrib-concat',
132 verbose rebuildBundles   'grunt-contrib-copy',
132 verbose rebuildBundles   'grunt-contrib-cssmin',
132 verbose rebuildBundles   'grunt-contrib-htmlmin',
132 verbose rebuildBundles   'grunt-contrib-imagemin',
132 verbose rebuildBundles   'grunt-contrib-jshint',
132 verbose rebuildBundles   'grunt-contrib-stylus',
132 verbose rebuildBundles   'grunt-contrib-uglify',
132 verbose rebuildBundles   'grunt-contrib-watch',
132 verbose rebuildBundles   'grunt-dom-munger',
132 verbose rebuildBundles   'grunt-env',
132 verbose rebuildBundles   'grunt-express-server',
132 verbose rebuildBundles   'grunt-google-cdn',
132 verbose rebuildBundles   'grunt-karma',
132 verbose rebuildBundles   'grunt-mocha-test',
132 verbose rebuildBundles   'grunt-newer',
132 verbose rebuildBundles   'grunt-ng-annotate',
132 verbose rebuildBundles   'grunt-node-inspector',
132 verbose rebuildBundles   'grunt-nodemon',
132 verbose rebuildBundles   'grunt-open',
132 verbose rebuildBundles   'grunt-protractor-runner',
132 verbose rebuildBundles   'grunt-rev',
132 verbose rebuildBundles   'grunt-svgmin',
132 verbose rebuildBundles   'grunt-usemin',
132 verbose rebuildBundles   'grunt-wiredep',
132 verbose rebuildBundles   'habitat',
132 verbose rebuildBundles   'jasmine',
132 verbose rebuildBundles   'jasmine-node',
132 verbose rebuildBundles   'jit-grunt',
132 verbose rebuildBundles   'jshint-stylish',
132 verbose rebuildBundles   'jsonwebtoken',
132 verbose rebuildBundles   'karma',
132 verbose rebuildBundles   'karma-chrome-launcher',
132 verbose rebuildBundles   'karma-coffee-preprocessor',
132 verbose rebuildBundles   'karma-firefox-launcher',
132 verbose rebuildBundles   'karma-html2js-preprocessor',
132 verbose rebuildBundles   'karma-jade-preprocessor',
132 verbose rebuildBundles   'karma-jasmine',
132 verbose rebuildBundles   'karma-ng-html2js-preprocessor',
132 verbose rebuildBundles   'karma-ng-jade2js-preprocessor',
132 verbose rebuildBundles   'karma-ng-scenario',
132 verbose rebuildBundles   'karma-phantomjs-launcher',
132 verbose rebuildBundles   'karma-requirejs',
132 verbose rebuildBundles   'karma-script-launcher',
132 verbose rebuildBundles   'lodash',
132 verbose rebuildBundles   'makedrive',
132 verbose rebuildBundles   'method-override',
132 verbose rebuildBundles   'mongoose',
132 verbose rebuildBundles   'morgan',
132 verbose rebuildBundles   'open',
132 verbose rebuildBundles   'passport',
132 verbose rebuildBundles   'passport-github',
132 verbose rebuildBundles   'passport-local',
132 verbose rebuildBundles   'request',
132 verbose rebuildBundles   'requirejs',
132 verbose rebuildBundles   'serve-favicon',
132 verbose rebuildBundles   'shelljs',
132 verbose rebuildBundles   'should',
132 verbose rebuildBundles   'supertest',
132 verbose rebuildBundles   'time-grunt',
132 verbose rebuildBundles   'unzip' ]
133 info install appception@0.0.1
134 verbose unsafe-perm in lifecycle true
135 info appception@0.0.1 Failed to exec install script
136 error appception@0.0.1 install: `grunt`
136 error Exit status 6
137 error Failed at the appception@0.0.1 install script.
137 error This is most likely a problem with the appception package,
137 error not with npm itself.
137 error Tell the author that this fails on your system:
137 error     grunt
137 error You can get their info via:
137 error     npm owner ls appception
137 error There is likely additional logging output above.
138 error System Windows_NT 6.2.9200
139 error command "c:\\Program Files (x86)\\nodejs\\node.exe" "c:\\Program Files (x86)\\nodejs\\node_modules\\npm\\bin\\npm-cli.js" "install" "--recursive"
140 error cwd c:\Users\Aaron\Dropbox\Programming\HackReactor\GitHub\appception
141 error node -v v0.10.30
142 error npm -v 1.4.21
143 error code ELIFECYCLE
144 verbose exit [ 1, true ]
